TN:
SF:controllers/activityHubController.js
FN:23,(anonymous_0)
FN:28,(anonymous_1)
FN:41,(anonymous_2)
FN:60,(anonymous_3)
FN:116,(anonymous_4)
FN:140,(anonymous_5)
FN:163,(anonymous_6)
FN:167,(anonymous_7)
FN:182,(anonymous_8)
FN:208,(anonymous_9)
FN:214,(anonymous_10)
FN:218,(anonymous_11)
FN:242,(anonymous_12)
FN:284,(anonymous_13)
FN:288,(anonymous_14)
FN:302,(anonymous_15)
FN:363,(anonymous_16)
FN:405,(anonymous_17)
FN:420,(anonymous_18)
FNF:19
FNH:0
FNDA:0,(anonymous_0)
FNDA:0,(anonymous_1)
FNDA:0,(anonymous_2)
FNDA:0,(anonymous_3)
FNDA:0,(anonymous_4)
FNDA:0,(anonymous_5)
FNDA:0,(anonymous_6)
FNDA:0,(anonymous_7)
FNDA:0,(anonymous_8)
FNDA:0,(anonymous_9)
FNDA:0,(anonymous_10)
FNDA:0,(anonymous_11)
FNDA:0,(anonymous_12)
FNDA:0,(anonymous_13)
FNDA:0,(anonymous_14)
FNDA:0,(anonymous_15)
FNDA:0,(anonymous_16)
FNDA:0,(anonymous_17)
FNDA:0,(anonymous_18)
DA:8,0
DA:9,0
DA:10,0
DA:11,0
DA:12,0
DA:13,0
DA:14,0
DA:23,0
DA:28,0
DA:29,0
DA:35,0
DA:41,0
DA:42,0
DA:43,0
DA:45,0
DA:46,0
DA:48,0
DA:60,0
DA:68,0
DA:70,0
DA:71,0
DA:72,0
DA:75,0
DA:113,0
DA:116,0
DA:117,0
DA:140,0
DA:141,0
DA:163,0
DA:164,0
DA:167,0
DA:182,0
DA:183,0
DA:184,0
DA:208,0
DA:211,0
DA:213,0
DA:214,0
DA:217,0
DA:218,0
DA:222,0
DA:223,0
DA:225,0
DA:242,0
DA:243,0
DA:247,0
DA:281,0
DA:283,0
DA:284,0
DA:287,0
DA:288,0
DA:291,0
DA:302,0
DA:303,0
DA:304,0
DA:311,0
DA:323,0
DA:340,0
DA:351,0
DA:363,0
DA:364,0
DA:367,0
DA:386,0
DA:394,0
DA:405,0
DA:406,0
DA:409,0
DA:420,0
DA:421,0
DA:424,0
DA:430,0
LF:71
LH:0
BRDA:35,0,0,0
BRDA:35,0,1,0
BRDA:42,1,0,0
BRDA:42,1,1,0
BRDA:43,2,0,0
BRDA:43,2,1,0
BRDA:45,3,0,0
BRDA:45,3,1,0
BRDA:45,4,0,0
BRDA:45,4,1,0
BRDA:66,5,0,0
BRDA:67,6,0,0
BRDA:71,7,0,0
BRDA:71,7,1,0
BRDA:72,8,0,0
BRDA:72,8,1,0
BRDA:121,9,0,0
BRDA:121,9,1,0
BRDA:121,10,0,0
BRDA:121,10,1,0
BRDA:123,11,0,0
BRDA:123,11,1,0
BRDA:125,12,0,0
BRDA:125,12,1,0
BRDA:126,13,0,0
BRDA:126,13,1,0
BRDA:127,14,0,0
BRDA:127,14,1,0
BRDA:149,15,0,0
BRDA:149,15,1,0
BRDA:150,16,0,0
BRDA:150,16,1,0
BRDA:168,17,0,0
BRDA:168,17,1,0
BRDA:172,18,0,0
BRDA:172,18,1,0
BRDA:173,19,0,0
BRDA:173,19,1,0
BRDA:183,20,0,0
BRDA:183,20,1,0
BRDA:188,21,0,0
BRDA:188,21,1,0
BRDA:188,22,0,0
BRDA:188,22,1,0
BRDA:190,23,0,0
BRDA:190,23,1,0
BRDA:192,24,0,0
BRDA:192,24,1,0
BRDA:194,25,0,0
BRDA:194,25,1,0
BRDA:213,26,0,0
BRDA:213,26,1,0
BRDA:213,27,0,0
BRDA:213,27,1,0
BRDA:217,28,0,0
BRDA:217,28,1,0
BRDA:217,29,0,0
BRDA:217,29,1,0
BRDA:243,30,0,0
BRDA:283,31,0,0
BRDA:283,31,1,0
BRDA:283,32,0,0
BRDA:283,32,1,0
BRDA:287,33,0,0
BRDA:287,33,1,0
BRDA:287,34,0,0
BRDA:287,34,1,0
BRDA:372,35,0,0
BRDA:372,35,1,0
BRDA:380,36,0,0
BRDA:380,36,1,0
BRF:71
BRH:0
end_of_record
TN:
SF:controllers/authController.js
FN:7,(anonymous_0)
FN:34,(anonymous_1)
FNF:2
FNH:2
FNDA:13,(anonymous_0)
FNDA:16,(anonymous_1)
DA:1,4
DA:2,4
DA:3,4
DA:4,4
DA:7,4
DA:8,13
DA:10,13
DA:11,13
DA:12,2
DA:13,2
DA:16,11
DA:17,10
DA:29,10
DA:30,9
DA:34,4
DA:35,16
DA:37,16
DA:41,16
DA:42,7
DA:45,9
DA:52,9
DA:53,9
DA:55,9
LF:23
LH:23
BRDA:11,0,0,2
BRDA:11,0,1,11
BRDA:12,1,0,1
BRDA:12,1,1,1
BRDA:41,2,0,7
BRDA:41,2,1,9
BRDA:41,3,0,16
BRDA:41,3,1,12
BRF:8
BRH:8
end_of_record
TN:
SF:controllers/clientController.js
FN:11,(anonymous_0)
FN:16,(anonymous_1)
FN:21,(anonymous_2)
FN:27,(anonymous_3)
FN:38,(anonymous_4)
FN:47,(anonymous_5)
FN:48,(anonymous_6)
FN:59,(anonymous_7)
FN:74,(anonymous_8)
FN:98,(anonymous_9)
FN:107,(anonymous_10)
FN:108,(anonymous_11)
FN:119,(anonymous_12)
FN:130,(anonymous_13)
FN:169,(anonymous_14)
FN:183,(anonymous_15)
FN:193,(anonymous_16)
FNF:17
FNH:0
FNDA:0,(anonymous_0)
FNDA:0,(anonymous_1)
FNDA:0,(anonymous_2)
FNDA:0,(anonymous_3)
FNDA:0,(anonymous_4)
FNDA:0,(anonymous_5)
FNDA:0,(anonymous_6)
FNDA:0,(anonymous_7)
FNDA:0,(anonymous_8)
FNDA:0,(anonymous_9)
FNDA:0,(anonymous_10)
FNDA:0,(anonymous_11)
FNDA:0,(anonymous_12)
FNDA:0,(anonymous_13)
FNDA:0,(anonymous_14)
FNDA:0,(anonymous_15)
FNDA:0,(anonymous_16)
DA:5,4
DA:6,4
DA:7,4
DA:8,4
DA:11,4
DA:12,0
DA:13,0
DA:16,0
DA:17,0
DA:20,0
DA:21,0
DA:22,0
DA:23,0
DA:24,0
DA:27,0
DA:28,0
DA:30,0
DA:38,0
DA:47,0
DA:48,0
DA:59,0
DA:69,0
DA:74,4
DA:75,0
DA:76,0
DA:77,0
DA:78,0
DA:81,0
DA:82,0
DA:83,0
DA:84,0
DA:88,0
DA:90,0
DA:98,0
DA:107,0
DA:108,0
DA:119,0
DA:130,4
DA:131,0
DA:133,0
DA:134,0
DA:135,0
DA:137,0
DA:138,0
DA:139,0
DA:141,0
DA:142,0
DA:143,0
DA:146,0
DA:147,0
DA:148,0
DA:149,0
DA:152,0
DA:164,0
DA:165,0
DA:169,4
DA:170,0
DA:171,0
DA:172,0
DA:173,0
DA:176,0
DA:177,0
DA:178,0
DA:179,0
DA:182,0
DA:183,0
DA:184,0
DA:186,0
DA:187,0
DA:189,0
DA:193,4
DA:194,0
DA:195,0
DA:196,0
DA:197,0
DA:200,0
DA:201,0
DA:202,0
DA:203,0
DA:206,0
DA:207,0
DA:208,0
DA:210,0
DA:213,4
LF:84
LH:10
BRDA:23,0,0,0
BRDA:23,0,1,0
BRDA:28,1,0,0
BRDA:28,1,1,0
BRDA:38,2,0,0
BRDA:38,2,1,0
BRDA:47,3,0,0
BRDA:47,3,1,0
BRDA:47,3,2,0
BRDA:54,4,0,0
BRDA:54,4,1,0
BRDA:76,5,0,0
BRDA:76,5,1,0
BRDA:82,6,0,0
BRDA:82,6,1,0
BRDA:107,7,0,0
BRDA:107,7,1,0
BRDA:107,7,2,0
BRDA:114,8,0,0
BRDA:114,8,1,0
BRDA:133,9,0,0
BRDA:133,9,1,0
BRDA:137,10,0,0
BRDA:137,10,1,0
BRDA:137,11,0,0
BRDA:137,11,1,0
BRDA:137,11,2,0
BRDA:137,11,3,0
BRDA:141,12,0,0
BRDA:141,12,1,0
BRDA:141,13,0,0
BRDA:141,13,1,0
BRDA:141,13,2,0
BRDA:141,13,3,0
BRDA:141,13,4,0
BRDA:147,14,0,0
BRDA:147,14,1,0
BRDA:155,15,0,0
BRDA:155,15,1,0
BRDA:171,16,0,0
BRDA:171,16,1,0
BRDA:177,17,0,0
BRDA:177,17,1,0
BRDA:184,18,0,0
BRDA:184,18,1,0
BRDA:195,19,0,0
BRDA:195,19,1,0
BRDA:201,20,0,0
BRDA:201,20,1,0
BRF:49
BRH:0
end_of_record
TN:
SF:controllers/complianceController.js
FN:24,(anonymous_0)
FN:41,(anonymous_1)
FN:42,(anonymous_2)
FN:43,(anonymous_3)
FN:65,(anonymous_4)
FN:71,(anonymous_5)
FN:89,(anonymous_6)
FN:109,(anonymous_7)
FN:144,(anonymous_8)
FN:150,(anonymous_9)
FN:154,(anonymous_10)
FN:179,(anonymous_11)
FN:213,(anonymous_12)
FN:248,(anonymous_13)
FN:314,(anonymous_14)
FN:340,(anonymous_15)
FNF:16
FNH:0
FNDA:0,(anonymous_0)
FNDA:0,(anonymous_1)
FNDA:0,(anonymous_2)
FNDA:0,(anonymous_3)
FNDA:0,(anonymous_4)
FNDA:0,(anonymous_5)
FNDA:0,(anonymous_6)
FNDA:0,(anonymous_7)
FNDA:0,(anonymous_8)
FNDA:0,(anonymous_9)
FNDA:0,(anonymous_10)
FNDA:0,(anonymous_11)
FNDA:0,(anonymous_12)
FNDA:0,(anonymous_13)
FNDA:0,(anonymous_14)
FNDA:0,(anonymous_15)
DA:8,0
DA:9,0
DA:10,0
DA:11,0
DA:12,0
DA:13,0
DA:24,0
DA:25,0
DA:40,0
DA:41,0
DA:42,0
DA:43,0
DA:48,0
DA:49,0
DA:53,0
DA:65,0
DA:66,0
DA:67,0
DA:69,0
DA:71,0
DA:72,0
DA:74,0
DA:75,0
DA:77,0
DA:81,0
DA:89,0
DA:90,0
DA:93,0
DA:101,0
DA:109,0
DA:110,0
DA:111,0
DA:113,0
DA:118,0
DA:119,0
DA:120,0
DA:124,0
DA:132,0
DA:144,0
DA:145,0
DA:146,0
DA:148,0
DA:150,0
DA:151,0
DA:153,0
DA:154,0
DA:155,0
DA:157,0
DA:158,0
DA:160,0
DA:161,0
DA:162,0
DA:163,0
DA:166,0
DA:171,0
DA:179,0
DA:180,0
DA:185,0
DA:194,0
DA:195,0
DA:205,0
DA:213,0
DA:214,0
DA:215,0
DA:217,0
DA:222,0
DA:223,0
DA:224,0
DA:228,0
DA:236,0
DA:248,0
DA:249,0
DA:250,0
DA:252,0
DA:253,0
DA:255,0
DA:256,0
DA:263,0
DA:265,0
DA:302,0
DA:306,0
DA:314,0
DA:315,0
DA:320,0
DA:328,0
DA:340,0
DA:341,0
DA:342,0
DA:344,0
DA:345,0
DA:347,0
DA:353,0
DA:355,0
LF:93
LH:0
BRDA:41,0,0,0
BRDA:41,0,1,0
BRDA:42,1,0,0
BRDA:42,1,1,0
BRDA:43,2,0,0
BRDA:43,2,1,0
BRDA:44,3,0,0
BRDA:44,3,1,0
BRDA:49,4,0,0
BRDA:49,4,1,0
BRDA:69,5,0,0
BRDA:69,5,1,0
BRDA:72,6,0,0
BRDA:72,6,1,0
BRDA:74,7,0,0
BRDA:74,7,1,0
BRDA:75,8,0,0
BRDA:75,8,1,0
BRDA:118,9,0,0
BRDA:118,9,1,0
BRDA:145,10,0,0
BRDA:148,11,0,0
BRDA:148,11,1,0
BRDA:151,12,0,0
BRDA:151,12,1,0
BRDA:153,13,0,0
BRDA:153,13,1,0
BRDA:155,14,0,0
BRDA:155,14,1,0
BRDA:157,15,0,0
BRDA:157,15,1,0
BRDA:160,16,0,0
BRDA:160,16,1,0
BRDA:160,17,0,0
BRDA:160,17,1,0
BRDA:162,18,0,0
BRDA:162,18,1,0
BRDA:163,19,0,0
BRDA:163,19,1,0
BRDA:194,20,0,0
BRDA:194,20,1,0
BRDA:222,21,0,0
BRDA:222,21,1,0
BRDA:252,22,0,0
BRDA:252,22,1,0
BRDA:252,23,0,0
BRDA:252,23,1,0
BRDA:255,24,0,0
BRDA:255,24,1,0
BRDA:263,25,0,0
BRDA:263,25,1,0
BRDA:341,26,0,0
BRDA:341,27,0,0
BRDA:344,28,0,0
BRDA:344,28,1,0
BRDA:345,29,0,0
BRDA:345,29,1,0
BRF:57
BRH:0
end_of_record
TN:
SF:controllers/dashboardController.js
FN:23,(anonymous_0)
FN:31,(anonymous_1)
FN:32,(anonymous_2)
FN:33,(anonymous_3)
FN:34,(anonymous_4)
FN:35,(anonymous_5)
FN:55,(anonymous_6)
FN:59,(anonymous_7)
FN:61,(anonymous_8)
FN:76,(anonymous_9)
FN:128,(anonymous_10)
FN:157,(anonymous_11)
FN:168,(anonymous_12)
FN:207,(anonymous_13)
FN:227,(anonymous_14)
FN:238,(anonymous_15)
FN:250,(anonymous_16)
FN:265,(anonymous_17)
FN:281,(anonymous_18)
FN:284,(anonymous_19)
FN:290,(anonymous_20)
FN:327,(anonymous_21)
FN:341,(anonymous_22)
FN:384,(anonymous_23)
FN:400,(anonymous_24)
FN:402,(anonymous_25)
FN:403,(anonymous_26)
FN:431,(anonymous_27)
FN:442,(anonymous_28)
FN:453,(anonymous_29)
FN:478,(anonymous_30)
FN:491,(anonymous_31)
FNF:32
FNH:0
FNDA:0,(anonymous_0)
FNDA:0,(anonymous_1)
FNDA:0,(anonymous_2)
FNDA:0,(anonymous_3)
FNDA:0,(anonymous_4)
FNDA:0,(anonymous_5)
FNDA:0,(anonymous_6)
FNDA:0,(anonymous_7)
FNDA:0,(anonymous_8)
FNDA:0,(anonymous_9)
FNDA:0,(anonymous_10)
FNDA:0,(anonymous_11)
FNDA:0,(anonymous_12)
FNDA:0,(anonymous_13)
FNDA:0,(anonymous_14)
FNDA:0,(anonymous_15)
FNDA:0,(anonymous_16)
FNDA:0,(anonymous_17)
FNDA:0,(anonymous_18)
FNDA:0,(anonymous_19)
FNDA:0,(anonymous_20)
FNDA:0,(anonymous_21)
FNDA:0,(anonymous_22)
FNDA:0,(anonymous_23)
FNDA:0,(anonymous_24)
FNDA:0,(anonymous_25)
FNDA:0,(anonymous_26)
FNDA:0,(anonymous_27)
FNDA:0,(anonymous_28)
FNDA:0,(anonymous_29)
FNDA:0,(anonymous_30)
FNDA:0,(anonymous_31)
DA:8,0
DA:9,0
DA:10,0
DA:11,0
DA:12,0
DA:23,0
DA:24,0
DA:25,0
DA:31,0
DA:32,0
DA:33,0
DA:34,0
DA:35,0
DA:38,0
DA:40,0
DA:55,0
DA:56,0
DA:57,0
DA:59,0
DA:60,0
DA:61,0
DA:62,0
DA:63,0
DA:64,0
DA:70,0
DA:76,0
DA:77,0
DA:80,0
DA:81,0
DA:96,0
DA:97,0
DA:111,0
DA:112,0
DA:127,0
DA:128,0
DA:130,0
DA:131,0
DA:145,0
DA:157,0
DA:158,0
DA:161,0
DA:168,0
DA:169,0
DA:171,0
DA:172,0
DA:176,0
DA:184,0
DA:188,0
DA:207,0
DA:208,0
DA:210,0
DA:216,0
DA:217,0
DA:219,0
DA:227,0
DA:228,0
DA:230,0
DA:236,0
DA:238,0
DA:250,0
DA:254,0
DA:265,0
DA:266,0
DA:269,0
DA:276,0
DA:281,0
DA:283,0
DA:285,0
DA:289,0
DA:291,0
DA:294,0
DA:295,0
DA:296,0
DA:297,0
DA:298,0
DA:301,0
DA:319,0
DA:327,0
DA:328,0
DA:329,0
DA:332,0
DA:341,0
DA:343,0
DA:344,0
DA:346,0
DA:347,0
DA:349,0
DA:350,0
DA:352,0
DA:353,0
DA:355,0
DA:356,0
DA:358,0
DA:361,0
DA:376,0
DA:384,0
DA:385,0
DA:386,0
DA:389,0
DA:398,0
DA:400,0
DA:401,0
DA:402,0
DA:404,0
DA:430,0
DA:431,0
DA:434,0
DA:442,0
DA:443,0
DA:445,0
DA:453,0
DA:470,0
DA:478,0
DA:479,0
DA:483,0
DA:491,0
DA:492,0
DA:495,0
DA:502,0
LF:119
LH:0
BRDA:60,0,0,0
BRDA:60,0,1,0
BRDA:60,1,0,0
BRDA:60,1,1,0
BRDA:63,2,0,0
BRDA:63,2,1,0
BRDA:76,3,0,0
BRDA:80,4,0,0
BRDA:80,4,1,0
BRDA:96,5,0,0
BRDA:96,5,1,0
BRDA:111,6,0,0
BRDA:111,6,1,0
BRDA:111,7,0,0
BRDA:111,7,1,0
BRDA:128,8,0,0
BRDA:128,8,1,0
BRDA:130,9,0,0
BRDA:130,9,1,0
BRDA:176,10,0,0
BRDA:176,10,1,0
BRDA:184,11,0,0
BRDA:184,11,1,0
BRDA:240,12,0,0
BRDA:240,12,1,0
BRDA:241,13,0,0
BRDA:241,13,1,0
BRDA:242,14,0,0
BRDA:242,14,1,0
BRDA:243,15,0,0
BRDA:243,15,1,0
BRDA:244,16,0,0
BRDA:244,16,1,0
BRDA:249,17,0,0
BRDA:249,17,1,0
BRDA:250,18,0,0
BRDA:250,18,1,0
BRDA:285,19,0,0
BRDA:285,19,1,0
BRDA:291,20,0,0
BRDA:291,20,1,0
BRDA:295,21,0,0
BRDA:295,21,1,0
BRDA:297,22,0,0
BRDA:297,22,1,0
BRDA:307,23,0,0
BRDA:307,23,1,0
BRDA:314,24,0,0
BRDA:314,24,1,0
BRDA:315,25,0,0
BRDA:315,25,1,0
BRDA:328,26,0,0
BRDA:344,27,0,0
BRDA:344,27,1,0
BRDA:344,27,2,0
BRDA:344,27,3,0
BRDA:344,27,4,0
BRDA:346,28,0,0
BRDA:346,28,1,0
BRDA:349,29,0,0
BRDA:349,29,1,0
BRDA:358,30,0,0
BRDA:358,30,1,0
BRDA:365,31,0,0
BRDA:365,31,1,0
BRDA:366,32,0,0
BRDA:366,32,1,0
BRDA:372,33,0,0
BRDA:372,33,1,0
BRDA:385,34,0,0
BRDA:407,35,0,0
BRDA:407,35,1,0
BRDA:410,36,0,0
BRDA:410,36,1,0
BRDA:413,37,0,0
BRDA:413,37,1,0
BRDA:419,38,0,0
BRDA:419,38,1,0
BRDA:443,39,0,0
BRDA:462,40,0,0
BRDA:462,40,1,0
BRF:81
BRH:0
end_of_record
TN:
SF:controllers/guardsController.js
FN:16,(anonymous_0)
FN:111,(anonymous_1)
FN:154,(anonymous_2)
FN:173,(anonymous_3)
FN:246,(anonymous_4)
FN:274,(anonymous_5)
FN:298,(anonymous_6)
FN:332,(anonymous_7)
FNF:8
FNH:6
FNDA:10,(anonymous_0)
FNDA:2,(anonymous_1)
FNDA:3,(anonymous_2)
FNDA:6,(anonymous_3)
FNDA:5,(anonymous_4)
FNDA:2,(anonymous_5)
FNDA:0,(anonymous_6)
FNDA:0,(anonymous_7)
DA:8,4
DA:9,4
DA:16,4
DA:29,10
DA:32,10
DA:38,10
DA:39,1
DA:48,10
DA:49,0
DA:53,10
DA:54,0
DA:58,10
DA:59,1
DA:63,10
DA:64,0
DA:68,10
DA:69,1
DA:73,10
DA:74,0
DA:78,10
DA:79,10
DA:80,10
DA:83,10
DA:85,10
DA:94,10
DA:111,4
DA:112,2
DA:137,2
DA:154,4
DA:155,3
DA:157,3
DA:158,1
DA:159,1
DA:162,2
DA:173,4
DA:189,6
DA:192,6
DA:193,6
DA:194,1
DA:195,1
DA:199,5
DA:219,5
DA:220,0
DA:229,5
DA:232,4
DA:233,4
DA:235,4
DA:246,4
DA:247,5
DA:249,5
DA:250,1
DA:251,1
DA:255,4
DA:257,4
DA:263,4
DA:274,4
DA:275,2
DA:277,2
DA:278,1
DA:279,1
DA:283,1
DA:284,1
DA:285,1
DA:287,1
DA:298,4
DA:299,0
DA:300,0
DA:302,0
DA:303,0
DA:304,0
DA:307,0
DA:316,0
DA:317,0
DA:318,0
DA:321,0
DA:332,4
DA:333,0
DA:335,0
DA:342,0
DA:343,0
DA:345,0
DA:349,0
DA:355,4
LF:83
LH:62
BRDA:25,0,0,10
BRDA:26,1,0,10
BRDA:27,2,0,10
BRDA:28,3,0,10
BRDA:38,4,0,1
BRDA:38,4,1,9
BRDA:48,5,0,0
BRDA:48,5,1,10
BRDA:48,6,0,10
BRDA:48,6,1,0
BRDA:53,7,0,0
BRDA:53,7,1,10
BRDA:53,8,0,10
BRDA:53,8,1,0
BRDA:58,9,0,1
BRDA:58,9,1,9
BRDA:58,10,0,10
BRDA:58,10,1,1
BRDA:63,11,0,0
BRDA:63,11,1,10
BRDA:63,12,0,10
BRDA:63,12,1,0
BRDA:68,13,0,1
BRDA:68,13,1,9
BRDA:68,14,0,10
BRDA:68,14,1,1
BRDA:73,15,0,0
BRDA:73,15,1,10
BRDA:73,16,0,10
BRDA:73,16,1,0
BRDA:78,17,0,0
BRDA:78,17,1,10
BRDA:80,18,0,0
BRDA:80,18,1,10
BRDA:139,19,0,2
BRDA:139,19,1,0
BRDA:157,20,0,1
BRDA:157,20,1,2
BRDA:193,21,0,1
BRDA:193,21,1,5
BRDA:206,22,0,5
BRDA:206,22,1,0
BRDA:207,23,0,0
BRDA:207,23,1,5
BRDA:219,24,0,0
BRDA:219,24,1,5
BRDA:222,25,0,0
BRDA:222,25,1,0
BRDA:224,26,0,0
BRDA:224,26,1,0
BRDA:249,27,0,1
BRDA:249,27,1,4
BRDA:277,28,0,1
BRDA:277,28,1,1
BRDA:302,29,0,0
BRDA:302,29,1,0
BRDA:316,30,0,0
BRDA:316,30,1,0
BRDA:342,31,0,0
BRDA:342,31,1,0
BRDA:343,32,0,0
BRDA:343,32,1,0
BRF:62
BRH:36
end_of_record
TN:
SF:controllers/performanceController.js
FN:24,(anonymous_0)
FN:35,(anonymous_1)
FN:44,(anonymous_2)
FN:84,(anonymous_3)
FN:88,(anonymous_4)
FN:91,(anonymous_5)
FN:111,(anonymous_6)
FN:128,(anonymous_7)
FN:138,(anonymous_8)
FN:191,(anonymous_9)
FN:207,(anonymous_10)
FN:209,(anonymous_11)
FN:214,(anonymous_12)
FN:220,(anonymous_13)
FN:223,(anonymous_14)
FN:255,(anonymous_15)
FN:274,(anonymous_16)
FN:289,(anonymous_17)
FN:297,(anonymous_18)
FN:302,(anonymous_19)
FN:331,(anonymous_20)
FN:342,(anonymous_21)
FN:343,(anonymous_22)
FN:352,(anonymous_23)
FN:370,(anonymous_24)
FN:407,(anonymous_25)
FN:420,(anonymous_26)
FN:438,(anonymous_27)
FN:457,(anonymous_28)
FN:466,(anonymous_29)
FN:486,(anonymous_30)
FN:499,(anonymous_31)
FN:511,(anonymous_32)
FN:517,(anonymous_33)
FNF:34
FNH:0
FNDA:0,(anonymous_0)
FNDA:0,(anonymous_1)
FNDA:0,(anonymous_2)
FNDA:0,(anonymous_3)
FNDA:0,(anonymous_4)
FNDA:0,(anonymous_5)
FNDA:0,(anonymous_6)
FNDA:0,(anonymous_7)
FNDA:0,(anonymous_8)
FNDA:0,(anonymous_9)
FNDA:0,(anonymous_10)
FNDA:0,(anonymous_11)
FNDA:0,(anonymous_12)
FNDA:0,(anonymous_13)
FNDA:0,(anonymous_14)
FNDA:0,(anonymous_15)
FNDA:0,(anonymous_16)
FNDA:0,(anonymous_17)
FNDA:0,(anonymous_18)
FNDA:0,(anonymous_19)
FNDA:0,(anonymous_20)
FNDA:0,(anonymous_21)
FNDA:0,(anonymous_22)
FNDA:0,(anonymous_23)
FNDA:0,(anonymous_24)
FNDA:0,(anonymous_25)
FNDA:0,(anonymous_26)
FNDA:0,(anonymous_27)
FNDA:0,(anonymous_28)
FNDA:0,(anonymous_29)
FNDA:0,(anonymous_30)
FNDA:0,(anonymous_31)
FNDA:0,(anonymous_32)
FNDA:0,(anonymous_33)
DA:10,0
DA:11,0
DA:12,0
DA:13,0
DA:14,0
DA:24,0
DA:25,0
DA:26,0
DA:27,0
DA:28,0
DA:29,0
DA:35,0
DA:36,0
DA:37,0
DA:38,0
DA:44,0
DA:45,0
DA:46,0
DA:49,0
DA:51,0
DA:52,0
DA:54,0
DA:55,0
DA:56,0
DA:57,0
DA:60,0
DA:61,0
DA:62,0
DA:63,0
DA:66,0
DA:67,0
DA:68,0
DA:69,0
DA:72,0
DA:73,0
DA:74,0
DA:78,0
DA:84,0
DA:85,0
DA:86,0
DA:88,0
DA:89,0
DA:90,0
DA:91,0
DA:95,0
DA:111,0
DA:112,0
DA:113,0
DA:116,0
DA:127,0
DA:128,0
DA:130,0
DA:133,0
DA:136,0
DA:137,0
DA:138,0
DA:141,0
DA:144,0
DA:145,0
DA:146,0
DA:148,0
DA:191,0
DA:192,0
DA:193,0
DA:196,0
DA:201,0
DA:207,0
DA:208,0
DA:209,0
DA:212,0
DA:213,0
DA:214,0
DA:218,0
DA:219,0
DA:220,0
DA:221,0
DA:222,0
DA:223,0
DA:228,0
DA:230,0
DA:233,0
DA:237,0
DA:255,0
DA:256,0
DA:257,0
DA:258,0
DA:259,0
DA:260,0
DA:261,0
DA:264,0
DA:274,0
DA:275,0
DA:276,0
DA:278,0
DA:285,0
DA:288,0
DA:289,0
DA:290,0
DA:291,0
DA:292,0
DA:294,0
DA:295,0
DA:296,0
DA:297,0
DA:302,0
DA:312,0
DA:331,0
DA:332,0
DA:333,0
DA:335,0
DA:341,0
DA:342,0
DA:343,0
DA:346,0
DA:348,0
DA:351,0
DA:352,0
DA:353,0
DA:354,0
DA:356,0
DA:357,0
DA:365,0
DA:366,0
DA:367,0
DA:370,0
DA:371,0
DA:372,0
DA:385,0
DA:407,0
DA:408,0
DA:409,0
DA:411,0
DA:418,0
DA:419,0
DA:420,0
DA:424,0
DA:428,0
DA:431,0
DA:438,0
DA:439,0
DA:440,0
DA:441,0
DA:442,0
DA:443,0
DA:448,0
DA:457,0
DA:466,0
DA:486,0
DA:487,0
DA:488,0
DA:491,0
DA:498,0
DA:499,0
DA:500,0
DA:501,0
DA:502,0
DA:503,0
DA:509,0
DA:510,0
DA:511,0
DA:517,0
DA:519,0
DA:520,0
DA:521,0
DA:537,0
DA:540,0
LF:166
LH:0
BRDA:25,0,0,0
BRDA:25,0,1,0
BRDA:26,1,0,0
BRDA:26,1,1,0
BRDA:27,2,0,0
BRDA:27,2,1,0
BRDA:28,3,0,0
BRDA:28,3,1,0
BRDA:37,4,0,0
BRDA:37,4,1,0
BRDA:38,5,0,0
BRDA:38,5,1,0
BRDA:49,6,0,0
BRDA:49,6,1,0
BRDA:49,6,2,0
BRDA:49,6,3,0
BRDA:49,6,4,0
BRDA:89,7,0,0
BRDA:89,7,1,0
BRDA:89,8,0,0
BRDA:89,8,1,0
BRDA:98,9,0,0
BRDA:98,9,1,0
BRDA:112,10,0,0
BRDA:130,11,0,0
BRDA:130,11,1,0
BRDA:138,12,0,0
BRDA:138,12,1,0
BRDA:141,13,0,0
BRDA:141,13,1,0
BRDA:192,14,0,0
BRDA:192,15,0,0
BRDA:192,16,0,0
BRDA:221,17,0,0
BRDA:221,17,1,0
BRDA:228,18,0,0
BRDA:228,18,1,0
BRDA:230,19,0,0
BRDA:230,19,1,0
BRDA:256,20,0,0
BRDA:256,20,1,0
BRDA:257,21,0,0
BRDA:257,21,1,0
BRDA:259,22,0,0
BRDA:259,22,1,0
BRDA:275,23,0,0
BRDA:290,24,0,0
BRDA:290,24,1,0
BRDA:291,25,0,0
BRDA:291,25,1,0
BRDA:294,26,0,0
BRDA:294,26,1,0
BRDA:307,27,0,0
BRDA:307,27,1,0
BRDA:332,28,0,0
BRDA:348,29,0,0
BRDA:348,29,1,0
BRDA:353,30,0,0
BRDA:353,30,1,0
BRDA:354,31,0,0
BRDA:354,31,1,0
BRDA:356,32,0,0
BRDA:356,32,1,0
BRDA:366,33,0,0
BRDA:366,33,1,0
BRDA:367,34,0,0
BRDA:367,34,1,0
BRDA:378,35,0,0
BRDA:378,35,1,0
BRDA:408,36,0,0
BRDA:420,37,0,0
BRDA:420,37,1,0
BRDA:428,38,0,0
BRDA:428,38,1,0
BRDA:439,39,0,0
BRDA:439,39,1,0
BRDA:440,40,0,0
BRDA:440,40,1,0
BRDA:442,41,0,0
BRDA:442,41,1,0
BRDA:442,42,0,0
BRDA:442,42,1,0
BRDA:462,43,0,0
BRDA:462,43,1,0
BRDA:473,44,0,0
BRDA:473,44,1,0
BRDA:500,45,0,0
BRDA:500,45,1,0
BRDA:500,46,0,0
BRDA:500,46,1,0
BRDA:500,46,2,0
BRDA:502,47,0,0
BRDA:502,47,1,0
BRDA:519,48,0,0
BRDA:519,48,1,0
BRDA:520,49,0,0
BRDA:520,49,1,0
BRDA:520,50,0,0
BRDA:520,50,1,0
BRF:99
BRH:0
end_of_record
TN:
SF:controllers/reportsController.js
FN:22,(anonymous_0)
FN:71,(anonymous_1)
FN:80,(anonymous_2)
FN:187,(anonymous_3)
FN:191,(anonymous_4)
FN:194,(anonymous_5)
FN:196,(anonymous_6)
FN:197,(anonymous_7)
FN:208,(anonymous_8)
FN:212,(anonymous_9)
FN:223,(anonymous_10)
FN:232,(anonymous_11)
FN:240,(anonymous_12)
FN:244,(anonymous_13)
FN:249,(anonymous_14)
FN:254,(anonymous_15)
FN:257,(anonymous_16)
FN:263,(anonymous_17)
FN:276,(anonymous_18)
FN:280,(anonymous_19)
FN:315,(anonymous_20)
FN:338,(anonymous_21)
FN:342,(anonymous_22)
FN:389,(anonymous_23)
FN:392,(anonymous_24)
FN:413,(anonymous_25)
FN:430,(anonymous_26)
FN:431,(anonymous_27)
FN:432,(anonymous_28)
FN:435,(anonymous_29)
FN:442,(anonymous_30)
FN:445,(anonymous_31)
FN:485,(anonymous_32)
FN:486,(anonymous_33)
FN:487,(anonymous_34)
FN:488,(anonymous_35)
FN:491,(anonymous_36)
FN:492,(anonymous_37)
FN:493,(anonymous_38)
FN:494,(anonymous_39)
FN:506,(anonymous_40)
FN:510,(anonymous_41)
FN:543,(anonymous_42)
FN:566,(anonymous_43)
FN:567,(anonymous_44)
FN:581,(anonymous_45)
FN:589,(anonymous_46)
FN:603,(anonymous_47)
FN:669,(anonymous_48)
FN:699,(anonymous_49)
FN:721,(anonymous_50)
FN:727,(anonymous_51)
FN:739,(anonymous_52)
FNF:53
FNH:0
FNDA:0,(anonymous_0)
FNDA:0,(anonymous_1)
FNDA:0,(anonymous_2)
FNDA:0,(anonymous_3)
FNDA:0,(anonymous_4)
FNDA:0,(anonymous_5)
FNDA:0,(anonymous_6)
FNDA:0,(anonymous_7)
FNDA:0,(anonymous_8)
FNDA:0,(anonymous_9)
FNDA:0,(anonymous_10)
FNDA:0,(anonymous_11)
FNDA:0,(anonymous_12)
FNDA:0,(anonymous_13)
FNDA:0,(anonymous_14)
FNDA:0,(anonymous_15)
FNDA:0,(anonymous_16)
FNDA:0,(anonymous_17)
FNDA:0,(anonymous_18)
FNDA:0,(anonymous_19)
FNDA:0,(anonymous_20)
FNDA:0,(anonymous_21)
FNDA:0,(anonymous_22)
FNDA:0,(anonymous_23)
FNDA:0,(anonymous_24)
FNDA:0,(anonymous_25)
FNDA:0,(anonymous_26)
FNDA:0,(anonymous_27)
FNDA:0,(anonymous_28)
FNDA:0,(anonymous_29)
FNDA:0,(anonymous_30)
FNDA:0,(anonymous_31)
FNDA:0,(anonymous_32)
FNDA:0,(anonymous_33)
FNDA:0,(anonymous_34)
FNDA:0,(anonymous_35)
FNDA:0,(anonymous_36)
FNDA:0,(anonymous_37)
FNDA:0,(anonymous_38)
FNDA:0,(anonymous_39)
FNDA:0,(anonymous_40)
FNDA:0,(anonymous_41)
FNDA:0,(anonymous_42)
FNDA:0,(anonymous_43)
FNDA:0,(anonymous_44)
FNDA:0,(anonymous_45)
FNDA:0,(anonymous_46)
FNDA:0,(anonymous_47)
FNDA:0,(anonymous_48)
FNDA:0,(anonymous_49)
FNDA:0,(anonymous_50)
FNDA:0,(anonymous_51)
FNDA:0,(anonymous_52)
DA:8,0
DA:9,0
DA:10,0
DA:11,0
DA:12,0
DA:22,0
DA:23,0
DA:24,0
DA:27,0
DA:29,0
DA:30,0
DA:32,0
DA:33,0
DA:34,0
DA:35,0
DA:36,0
DA:37,0
DA:39,0
DA:40,0
DA:41,0
DA:43,0
DA:44,0
DA:45,0
DA:47,0
DA:48,0
DA:49,0
DA:51,0
DA:52,0
DA:53,0
DA:55,0
DA:56,0
DA:59,0
DA:71,0
DA:72,0
DA:73,0
DA:74,0
DA:80,0
DA:81,0
DA:82,0
DA:83,0
DA:90,0
DA:174,0
DA:175,0
DA:176,0
DA:187,0
DA:188,0
DA:189,0
DA:191,0
DA:194,0
DA:196,0
DA:197,0
DA:200,0
DA:208,0
DA:209,0
DA:211,0
DA:212,0
DA:215,0
DA:223,0
DA:224,0
DA:232,0
DA:233,0
DA:234,0
DA:236,0
DA:237,0
DA:239,0
DA:240,0
DA:243,0
DA:244,0
DA:248,0
DA:249,0
DA:250,0
DA:253,0
DA:254,0
DA:257,0
DA:259,0
DA:263,0
DA:276,0
DA:277,0
DA:278,0
DA:280,0
DA:281,0
DA:282,0
DA:283,0
DA:287,0
DA:290,0
DA:305,0
DA:307,0
DA:315,0
DA:316,0
DA:317,0
DA:319,0
DA:320,0
DA:323,0
DA:324,0
DA:325,0
DA:327,0
DA:330,0
DA:338,0
DA:339,0
DA:340,0
DA:342,0
DA:343,0
DA:344,0
DA:345,0
DA:349,0
DA:351,0
DA:353,0
DA:354,0
DA:356,0
DA:357,0
DA:359,0
DA:360,0
DA:361,0
DA:363,0
DA:366,0
DA:379,0
DA:381,0
DA:389,0
DA:390,0
DA:392,0
DA:393,0
DA:394,0
DA:395,0
DA:398,0
DA:400,0
DA:413,0
DA:414,0
DA:415,0
DA:418,0
DA:429,0
DA:430,0
DA:431,0
DA:432,0
DA:435,0
DA:436,0
DA:440,0
DA:441,0
DA:442,0
DA:443,0
DA:444,0
DA:445,0
DA:449,0
DA:452,0
DA:454,0
DA:485,0
DA:486,0
DA:487,0
DA:488,0
DA:491,0
DA:492,0
DA:493,0
DA:494,0
DA:506,0
DA:507,0
DA:508,0
DA:510,0
DA:511,0
DA:512,0
DA:513,0
DA:516,0
DA:517,0
DA:520,0
DA:522,0
DA:524,0
DA:525,0
DA:527,0
DA:528,0
DA:531,0
DA:532,0
DA:543,0
DA:544,0
DA:545,0
DA:546,0
DA:549,0
DA:560,0
DA:565,0
DA:566,0
DA:567,0
DA:568,0
DA:571,0
DA:581,0
DA:589,0
DA:603,0
DA:604,0
DA:606,0
DA:607,0
DA:609,0
DA:612,0
DA:621,0
DA:632,0
DA:641,0
DA:643,0
DA:654,0
DA:655,0
DA:657,0
DA:658,0
DA:659,0
DA:660,0
DA:661,0
DA:662,0
DA:663,0
DA:665,0
DA:668,0
DA:669,0
DA:670,0
DA:671,0
DA:672,0
DA:674,0
DA:675,0
DA:676,0
DA:677,0
DA:678,0
DA:679,0
DA:682,0
DA:683,0
DA:688,0
DA:692,0
DA:699,0
DA:700,0
DA:701,0
DA:703,0
DA:721,0
DA:722,0
DA:725,0
DA:726,0
DA:727,0
DA:728,0
DA:732,0
DA:739,0
DA:740,0
DA:741,0
DA:742,0
DA:745,0
DA:746,0
DA:751,0
DA:768,0
DA:769,0
DA:774,0
DA:777,0
DA:778,0
DA:787,0
DA:788,0
DA:789,0
DA:794,0
DA:797,0
DA:798,0
DA:799,0
DA:807,0
DA:808,0
DA:809,0
DA:814,0
DA:817,0
DA:821,0
DA:823,0
DA:824,0
DA:832,0
LF:256
LH:0
BRDA:27,0,0,0
BRDA:27,0,1,0
BRDA:27,0,2,0
BRDA:27,0,3,0
BRDA:27,0,4,0
BRDA:27,0,5,0
BRDA:27,0,6,0
BRDA:72,1,0,0
BRDA:72,1,1,0
BRDA:73,2,0,0
BRDA:73,2,1,0
BRDA:83,3,0,0
BRDA:83,3,1,0
BRDA:189,4,0,0
BRDA:189,4,1,0
BRDA:209,5,0,0
BRDA:234,6,0,0
BRDA:234,6,1,0
BRDA:250,7,0,0
BRDA:250,7,1,0
BRDA:277,8,0,0
BRDA:278,9,0,0
BRDA:278,9,1,0
BRDA:281,10,0,0
BRDA:281,10,1,0
BRDA:287,11,0,0
BRDA:287,11,1,0
BRDA:319,12,0,0
BRDA:319,12,1,0
BRDA:324,13,0,0
BRDA:324,13,1,0
BRDA:339,14,0,0
BRDA:340,15,0,0
BRDA:340,15,1,0
BRDA:343,16,0,0
BRDA:343,16,1,0
BRDA:351,17,0,0
BRDA:351,17,1,0
BRDA:351,17,2,0
BRDA:351,17,3,0
BRDA:393,18,0,0
BRDA:393,18,1,0
BRDA:414,19,0,0
BRDA:443,20,0,0
BRDA:443,20,1,0
BRDA:443,21,0,0
BRDA:443,21,1,0
BRDA:449,22,0,0
BRDA:449,22,1,0
BRDA:462,23,0,0
BRDA:462,23,1,0
BRDA:511,24,0,0
BRDA:511,24,1,0
BRDA:516,25,0,0
BRDA:516,25,1,0
BRDA:516,25,2,0
BRDA:522,26,0,0
BRDA:522,26,1,0
BRDA:522,26,2,0
BRDA:522,26,3,0
BRDA:577,27,0,0
BRDA:577,27,1,0
BRDA:583,28,0,0
BRDA:583,28,1,0
BRDA:584,29,0,0
BRDA:584,29,1,0
BRDA:654,30,0,0
BRDA:654,30,1,0
BRDA:671,31,0,0
BRDA:671,31,1,0
BRDA:682,32,0,0
BRDA:682,32,1,0
BRDA:725,33,0,0
BRDA:725,33,1,0
BRDA:797,34,0,0
BRDA:797,34,1,0
BRF:76
BRH:0
end_of_record
TN:
SF:controllers/schedulingController.js
FN:19,(anonymous_0)
FN:97,(anonymous_1)
FN:146,(anonymous_2)
FN:167,(anonymous_3)
FN:238,(anonymous_4)
FN:266,(anonymous_5)
FN:287,(anonymous_6)
FN:328,(anonymous_7)
FN:375,(anonymous_8)
FN:394,(anonymous_9)
FN:402,(anonymous_10)
FN:412,(anonymous_11)
FN:430,(anonymous_12)
FN:446,(anonymous_13)
FNF:14
FNH:0
FNDA:0,(anonymous_0)
FNDA:0,(anonymous_1)
FNDA:0,(anonymous_2)
FNDA:0,(anonymous_3)
FNDA:0,(anonymous_4)
FNDA:0,(anonymous_5)
FNDA:0,(anonymous_6)
FNDA:0,(anonymous_7)
FNDA:0,(anonymous_8)
FNDA:0,(anonymous_9)
FNDA:0,(anonymous_10)
FNDA:0,(anonymous_11)
FNDA:0,(anonymous_12)
FNDA:0,(anonymous_13)
DA:7,0
DA:8,0
DA:9,0
DA:10,0
DA:11,0
DA:12,0
DA:19,0
DA:31,0
DA:34,0
DA:37,0
DA:38,0
DA:39,0
DA:40,0
DA:44,0
DA:45,0
DA:49,0
DA:50,0
DA:54,0
DA:55,0
DA:59,0
DA:60,0
DA:64,0
DA:65,0
DA:68,0
DA:70,0
DA:80,0
DA:97,0
DA:98,0
DA:100,0
DA:101,0
DA:102,0
DA:103,0
DA:104,0
DA:107,0
DA:129,0
DA:146,0
DA:147,0
DA:151,0
DA:152,0
DA:153,0
DA:156,0
DA:167,0
DA:177,0
DA:180,0
DA:181,0
DA:182,0
DA:183,0
DA:187,0
DA:188,0
DA:189,0
DA:190,0
DA:194,0
DA:203,0
DA:204,0
DA:205,0
DA:209,0
DA:223,0
DA:227,0
DA:238,0
DA:239,0
DA:241,0
DA:242,0
DA:243,0
DA:247,0
DA:255,0
DA:266,0
DA:267,0
DA:269,0
DA:270,0
DA:271,0
DA:274,0
DA:276,0
DA:287,0
DA:288,0
DA:289,0
DA:291,0
DA:292,0
DA:293,0
DA:296,0
DA:304,0
DA:305,0
DA:306,0
DA:309,0
DA:314,0
DA:328,0
DA:329,0
DA:330,0
DA:332,0
DA:334,0
DA:335,0
DA:336,0
DA:340,0
DA:341,0
DA:342,0
DA:343,0
DA:346,0
DA:347,0
DA:348,0
DA:350,0
DA:352,0
DA:356,0
DA:361,0
DA:375,0
DA:376,0
DA:383,0
DA:394,0
DA:395,0
DA:400,0
DA:402,0
DA:412,0
DA:413,0
DA:414,0
DA:416,0
DA:417,0
DA:419,0
DA:422,0
DA:429,0
DA:430,0
DA:445,0
DA:446,0
DA:449,0
DA:452,0
LF:122
LH:0
BRDA:27,0,0,0
BRDA:28,1,0,0
BRDA:29,2,0,0
BRDA:30,3,0,0
BRDA:37,4,0,0
BRDA:37,4,1,0
BRDA:37,5,0,0
BRDA:37,5,1,0
BRDA:39,6,0,0
BRDA:39,6,1,0
BRDA:40,7,0,0
BRDA:40,7,1,0
BRDA:44,8,0,0
BRDA:44,8,1,0
BRDA:49,9,0,0
BRDA:49,9,1,0
BRDA:54,10,0,0
BRDA:54,10,1,0
BRDA:54,11,0,0
BRDA:54,11,1,0
BRDA:59,12,0,0
BRDA:59,12,1,0
BRDA:59,13,0,0
BRDA:59,13,1,0
BRDA:65,14,0,0
BRDA:65,14,1,0
BRDA:101,15,0,0
BRDA:101,15,1,0
BRDA:101,16,0,0
BRDA:101,16,1,0
BRDA:103,17,0,0
BRDA:103,17,1,0
BRDA:104,18,0,0
BRDA:104,18,1,0
BRDA:131,19,0,0
BRDA:131,19,1,0
BRDA:151,20,0,0
BRDA:151,20,1,0
BRDA:181,21,0,0
BRDA:181,21,1,0
BRDA:188,22,0,0
BRDA:188,22,1,0
BRDA:203,23,0,0
BRDA:203,23,1,0
BRDA:216,24,0,0
BRDA:216,24,1,0
BRDA:241,25,0,0
BRDA:241,25,1,0
BRDA:269,26,0,0
BRDA:269,26,1,0
BRDA:291,27,0,0
BRDA:291,27,1,0
BRDA:304,28,0,0
BRDA:304,28,1,0
BRDA:318,29,0,0
BRDA:318,29,1,0
BRDA:319,30,0,0
BRDA:319,30,1,0
BRDA:334,31,0,0
BRDA:334,31,1,0
BRDA:341,32,0,0
BRDA:341,32,1,0
BRDA:347,33,0,0
BRDA:347,33,1,0
BRDA:348,34,0,0
BRDA:348,34,1,0
BRDA:417,35,0,0
BRDA:417,35,1,0
BRF:68
BRH:0
end_of_record
TN:
SF:controllers/siteController.js
FN:20,(anonymous_0)
FN:43,(anonymous_1)
FN:64,(anonymous_2)
FN:86,(anonymous_3)
FN:161,(anonymous_4)
FN:219,(anonymous_5)
FN:251,(anonymous_6)
FN:268,(anonymous_7)
FNF:8
FNH:0
FNDA:0,(anonymous_0)
FNDA:0,(anonymous_1)
FNDA:0,(anonymous_2)
FNDA:0,(anonymous_3)
FNDA:0,(anonymous_4)
FNDA:0,(anonymous_5)
FNDA:0,(anonymous_6)
FNDA:0,(anonymous_7)
DA:7,4
DA:8,4
DA:9,4
DA:20,4
DA:21,0
DA:23,0
DA:31,0
DA:43,4
DA:44,0
DA:48,0
DA:49,0
DA:50,0
DA:53,0
DA:64,4
DA:65,0
DA:67,0
DA:71,0
DA:86,4
DA:98,0
DA:101,0
DA:102,0
DA:103,0
DA:107,0
DA:108,0
DA:109,0
DA:113,0
DA:114,0
DA:115,0
DA:116,0
DA:120,0
DA:121,0
DA:122,0
DA:123,0
DA:127,0
DA:142,0
DA:146,0
DA:161,4
DA:162,0
DA:163,0
DA:166,0
DA:167,0
DA:168,0
DA:169,0
DA:173,0
DA:174,0
DA:175,0
DA:176,0
DA:177,0
DA:182,0
DA:183,0
DA:184,0
DA:189,0
DA:190,0
DA:191,0
DA:196,0
DA:197,0
DA:200,0
DA:204,0
DA:219,4
DA:220,0
DA:222,0
DA:223,0
DA:224,0
DA:225,0
DA:233,0
DA:234,0
DA:236,0
DA:251,4
DA:252,0
DA:262,0
DA:269,0
DA:270,0
DA:280,4
LF:73
LH:11
BRDA:21,0,0,0
BRDA:21,1,0,0
BRDA:48,2,0,0
BRDA:48,2,1,0
BRDA:93,3,0,0
BRDA:101,4,0,0
BRDA:101,4,1,0
BRDA:101,5,0,0
BRDA:101,5,1,0
BRDA:101,5,2,0
BRDA:107,6,0,0
BRDA:107,6,1,0
BRDA:107,7,0,0
BRDA:107,7,1,0
BRDA:107,7,2,0
BRDA:114,8,0,0
BRDA:114,8,1,0
BRDA:121,9,0,0
BRDA:121,9,1,0
BRDA:131,10,0,0
BRDA:131,10,1,0
BRDA:167,11,0,0
BRDA:167,11,1,0
BRDA:173,12,0,0
BRDA:173,12,1,0
BRDA:173,13,0,0
BRDA:173,13,1,0
BRDA:175,14,0,0
BRDA:175,14,1,0
BRDA:182,15,0,0
BRDA:182,15,1,0
BRDA:182,16,0,0
BRDA:182,16,1,0
BRDA:183,17,0,0
BRDA:183,17,1,0
BRDA:189,18,0,0
BRDA:189,18,1,0
BRDA:223,19,0,0
BRDA:223,19,1,0
BRDA:269,20,0,0
BRDA:269,20,1,0
BRF:41
BRH:0
end_of_record
TN:
SF:controllers/timeClockController.js
FN:24,(anonymous_0)
FN:30,(anonymous_1)
FN:48,(anonymous_2)
FN:73,(anonymous_3)
FN:83,(anonymous_4)
FN:114,(anonymous_5)
FN:231,(anonymous_6)
FN:341,(anonymous_7)
FN:413,(anonymous_8)
FN:500,(anonymous_9)
FN:538,(anonymous_10)
FN:560,(anonymous_11)
FN:597,(anonymous_12)
FN:628,(anonymous_13)
FN:656,(anonymous_14)
FN:687,(anonymous_15)
FN:701,(anonymous_16)
FN:721,(anonymous_17)
FN:731,(anonymous_18)
FN:768,(anonymous_19)
FN:799,(anonymous_20)
FN:829,(anonymous_21)
FNF:22
FNH:0
FNDA:0,(anonymous_0)
FNDA:0,(anonymous_1)
FNDA:0,(anonymous_2)
FNDA:0,(anonymous_3)
FNDA:0,(anonymous_4)
FNDA:0,(anonymous_5)
FNDA:0,(anonymous_6)
FNDA:0,(anonymous_7)
FNDA:0,(anonymous_8)
FNDA:0,(anonymous_9)
FNDA:0,(anonymous_10)
FNDA:0,(anonymous_11)
FNDA:0,(anonymous_12)
FNDA:0,(anonymous_13)
FNDA:0,(anonymous_14)
FNDA:0,(anonymous_15)
FNDA:0,(anonymous_16)
FNDA:0,(anonymous_17)
FNDA:0,(anonymous_18)
FNDA:0,(anonymous_19)
FNDA:0,(anonymous_20)
FNDA:0,(anonymous_21)
DA:9,0
DA:10,0
DA:11,0
DA:12,0
DA:13,0
DA:14,0
DA:15,0
DA:24,0
DA:30,0
DA:31,0
DA:32,0
DA:33,0
DA:34,0
DA:35,0
DA:38,0
DA:40,0
DA:42,0
DA:48,0
DA:49,0
DA:51,0
DA:52,0
DA:53,0
DA:55,0
DA:62,0
DA:63,0
DA:65,0
DA:66,0
DA:73,0
DA:74,0
DA:75,0
DA:76,0
DA:77,0
DA:83,0
DA:84,0
DA:85,0
DA:88,0
DA:89,0
DA:90,0
DA:97,0
DA:98,0
DA:114,0
DA:115,0
DA:116,0
DA:117,0
DA:120,0
DA:121,0
DA:122,0
DA:123,0
DA:127,0
DA:128,0
DA:129,0
DA:133,0
DA:136,0
DA:149,0
DA:150,0
DA:160,0
DA:161,0
DA:162,0
DA:163,0
DA:164,0
DA:165,0
DA:166,0
DA:167,0
DA:171,0
DA:172,0
DA:173,0
DA:174,0
DA:177,0
DA:178,0
DA:185,0
DA:190,0
DA:205,0
DA:214,0
DA:215,0
DA:231,0
DA:232,0
DA:233,0
DA:234,0
DA:237,0
DA:238,0
DA:239,0
DA:240,0
DA:244,0
DA:245,0
DA:246,0
DA:250,0
DA:255,0
DA:258,0
DA:271,0
DA:274,0
DA:275,0
DA:276,0
DA:277,0
DA:278,0
DA:279,0
DA:280,0
DA:283,0
DA:284,0
DA:291,0
DA:292,0
DA:293,0
DA:294,0
DA:297,0
DA:298,0
DA:300,0
DA:315,0
DA:324,0
DA:325,0
DA:341,0
DA:342,0
DA:343,0
DA:344,0
DA:347,0
DA:348,0
DA:349,0
DA:350,0
DA:354,0
DA:359,0
DA:362,0
DA:374,0
DA:375,0
DA:376,0
DA:377,0
DA:378,0
DA:381,0
DA:382,0
DA:383,0
DA:385,0
DA:398,0
DA:413,0
DA:414,0
DA:415,0
DA:416,0
DA:419,0
DA:420,0
DA:421,0
DA:422,0
DA:426,0
DA:429,0
DA:434,0
DA:437,0
DA:449,0
DA:450,0
DA:451,0
DA:458,0
DA:461,0
DA:462,0
DA:463,0
DA:464,0
DA:465,0
DA:466,0
DA:468,0
DA:481,0
DA:500,0
DA:501,0
DA:503,0
DA:507,0
DA:508,0
DA:517,0
DA:538,0
DA:539,0
DA:540,0
DA:542,0
DA:549,0
DA:560,0
DA:561,0
DA:563,0
DA:566,0
DA:567,0
DA:568,0
DA:569,0
DA:572,0
DA:573,0
DA:574,0
DA:575,0
DA:578,0
DA:580,0
DA:586,0
DA:597,0
DA:598,0
DA:599,0
DA:601,0
DA:604,0
DA:605,0
DA:617,0
DA:628,0
DA:629,0
DA:632,0
DA:633,0
DA:634,0
DA:635,0
DA:636,0
DA:638,0
DA:639,0
DA:641,0
DA:642,0
DA:644,0
DA:650,0
DA:651,0
DA:652,0
DA:654,0
DA:656,0
DA:657,0
DA:658,0
DA:659,0
DA:661,0
DA:669,0
DA:687,0
DA:688,0
DA:690,0
DA:696,0
DA:697,0
DA:700,0
DA:701,0
DA:703,0
DA:721,0
DA:722,0
DA:724,0
DA:730,0
DA:732,0
DA:737,0
DA:741,0
DA:757,0
DA:768,0
DA:769,0
DA:771,0
DA:772,0
DA:773,0
DA:777,0
DA:778,0
DA:779,0
DA:783,0
DA:785,0
DA:799,0
DA:800,0
DA:802,0
DA:803,0
DA:804,0
DA:807,0
DA:808,0
DA:809,0
DA:812,0
DA:813,0
DA:814,0
DA:815,0
DA:817,0
DA:829,0
DA:830,0
DA:831,0
DA:833,0
DA:834,0
DA:835,0
DA:838,0
DA:839,0
DA:840,0
DA:842,0
DA:853,0
LF:257
LH:0
BRDA:49,0,0,0
BRDA:49,0,1,0
BRDA:49,1,0,0
BRDA:49,1,1,0
BRDA:53,2,0,0
BRDA:53,2,1,0
BRDA:53,3,0,0
BRDA:53,3,1,0
BRDA:53,3,2,0
BRDA:62,4,0,0
BRDA:62,4,1,0
BRDA:63,5,0,0
BRDA:63,5,1,0
BRDA:74,6,0,0
BRDA:74,6,1,0
BRDA:74,7,0,0
BRDA:74,7,1,0
BRDA:84,8,0,0
BRDA:84,8,1,0
BRDA:84,9,0,0
BRDA:84,9,1,0
BRDA:84,9,2,0
BRDA:92,10,0,0
BRDA:92,10,1,0
BRDA:121,11,0,0
BRDA:121,11,1,0
BRDA:121,12,0,0
BRDA:121,12,1,0
BRDA:128,13,0,0
BRDA:128,13,1,0
BRDA:128,14,0,0
BRDA:128,14,1,0
BRDA:149,15,0,0
BRDA:149,15,1,0
BRDA:177,16,0,0
BRDA:177,16,1,0
BRDA:187,17,0,0
BRDA:187,17,1,0
BRDA:207,18,0,0
BRDA:207,18,1,0
BRDA:210,19,0,0
BRDA:210,19,1,0
BRDA:214,20,0,0
BRDA:214,20,1,0
BRDA:217,21,0,0
BRDA:217,21,1,0
BRDA:219,22,0,0
BRDA:219,22,1,0
BRDA:238,23,0,0
BRDA:238,23,1,0
BRDA:238,24,0,0
BRDA:238,24,1,0
BRDA:244,25,0,0
BRDA:244,25,1,0
BRDA:250,26,0,0
BRDA:250,26,1,0
BRDA:283,27,0,0
BRDA:283,27,1,0
BRDA:298,28,0,0
BRDA:298,28,1,0
BRDA:317,29,0,0
BRDA:317,29,1,0
BRDA:320,30,0,0
BRDA:320,30,1,0
BRDA:324,31,0,0
BRDA:324,31,1,0
BRDA:327,32,0,0
BRDA:327,32,1,0
BRDA:329,33,0,0
BRDA:329,33,1,0
BRDA:342,34,0,0
BRDA:348,35,0,0
BRDA:348,35,1,0
BRDA:348,36,0,0
BRDA:348,36,1,0
BRDA:354,37,0,0
BRDA:354,37,1,0
BRDA:420,38,0,0
BRDA:420,38,1,0
BRDA:420,39,0,0
BRDA:420,39,1,0
BRDA:429,40,0,0
BRDA:429,40,1,0
BRDA:507,41,0,0
BRDA:507,41,1,0
BRDA:561,42,0,0
BRDA:566,43,0,0
BRDA:566,43,1,0
BRDA:568,44,0,0
BRDA:568,44,1,0
BRDA:572,45,0,0
BRDA:572,45,1,0
BRDA:572,46,0,0
BRDA:572,46,1,0
BRDA:574,47,0,0
BRDA:574,47,1,0
BRDA:575,48,0,0
BRDA:575,48,1,0
BRDA:578,49,0,0
BRDA:578,49,1,0
BRDA:604,50,0,0
BRDA:604,50,1,0
BRDA:635,51,0,0
BRDA:635,51,1,0
BRDA:657,52,0,0
BRDA:657,52,1,0
BRDA:658,53,0,0
BRDA:658,53,1,0
BRDA:659,54,0,0
BRDA:659,54,1,0
BRDA:663,55,0,0
BRDA:663,55,1,0
BRDA:664,56,0,0
BRDA:664,56,1,0
BRDA:701,57,0,0
BRDA:701,57,1,0
BRDA:737,58,0,0
BRDA:737,58,1,0
BRDA:738,59,0,0
BRDA:738,59,1,0
BRDA:771,60,0,0
BRDA:771,60,1,0
BRDA:778,61,0,0
BRDA:778,61,1,0
BRDA:802,62,0,0
BRDA:802,62,1,0
BRDA:807,63,0,0
BRDA:807,63,1,0
BRDA:833,64,0,0
BRDA:833,64,1,0
BRF:130
BRH:0
end_of_record
TN:
SF:middleware/authMiddleware.js
FN:4,(anonymous_0)
FNF:1
FNH:1
FNDA:47,(anonymous_0)
DA:1,5
DA:2,5
DA:4,5
DA:5,47
DA:6,47
DA:8,43
DA:9,43
DA:11,40
DA:12,40
DA:13,37
DA:14,36
DA:15,35
DA:17,4
DA:21,5
LF:14
LH:14
BRDA:6,0,0,4
BRDA:6,0,1,43
BRDA:9,1,0,3
BRDA:9,1,1,40
BRDA:14,2,0,1
BRDA:14,2,1,35
BRF:6
BRH:6
end_of_record
TN:
SF:middleware/errorHandler.js
FN:1,(anonymous_0)
FN:6,(anonymous_1)
FNF:2
FNH:0
FNDA:0,(anonymous_0)
FNDA:0,(anonymous_1)
DA:1,0
DA:2,0
DA:5,0
DA:6,0
DA:7,0
DA:11,0
DA:12,0
DA:13,0
DA:17,0
DA:18,0
DA:22,0
DA:27,0
LF:12
LH:0
BRDA:5,0,0,0
BRDA:5,0,1,0
BRDA:11,1,0,0
BRDA:11,1,1,0
BRDA:17,2,0,0
BRDA:17,2,1,0
BRDA:22,3,0,0
BRDA:22,3,1,0
BRDA:23,4,0,0
BRDA:23,4,1,0
BRF:10
BRH:0
end_of_record
TN:
SF:middleware/roleMiddleware.js
FN:1,(anonymous_0)
FN:2,(anonymous_1)
FNF:2
FNH:2
FNDA:63,(anonymous_0)
FNDA:38,(anonymous_1)
DA:1,5
DA:2,63
DA:3,38
DA:4,2
DA:7,36
DA:8,14
DA:11,22
DA:15,5
LF:8
LH:8
BRDA:3,0,0,2
BRDA:3,0,1,36
BRDA:7,1,0,14
BRDA:7,1,1,22
BRF:4
BRH:4
end_of_record
TN:
SF:models/Certification.js
FN:24,(anonymous_0)
FNF:1
FNH:0
FNDA:0,(anonymous_0)
DA:1,0
DA:3,0
DA:24,0
DA:25,0
DA:26,0
DA:27,0
DA:28,0
DA:29,0
DA:32,0
LF:9
LH:0
BRDA:26,0,0,0
BRDA:26,0,1,0
BRDA:27,1,0,0
BRDA:27,1,1,0
BRF:4
BRH:0
end_of_record
TN:
SF:models/Client.js
FN:52,(anonymous_0)
FN:53,(anonymous_1)
FN:56,(anonymous_2)
FN:64,(anonymous_3)
FN:65,(anonymous_4)
FN:72,(anonymous_5)
FNF:6
FNH:0
FNDA:0,(anonymous_0)
FNDA:0,(anonymous_1)
FNDA:0,(anonymous_2)
FNDA:0,(anonymous_3)
FNDA:0,(anonymous_4)
FNDA:0,(anonymous_5)
DA:6,4
DA:9,4
DA:17,4
DA:27,4
DA:47,4
DA:48,4
DA:49,4
DA:52,4
DA:53,0
DA:56,4
DA:57,0
DA:60,4
DA:61,4
DA:64,4
DA:65,0
DA:66,0
DA:68,0
DA:72,4
DA:73,0
DA:75,0
DA:76,0
DA:85,0
DA:86,0
DA:89,0
DA:90,0
DA:91,0
DA:92,0
DA:93,0
DA:95,0
DA:105,0
DA:111,4
LF:31
LH:14
BRDA:53,0,0,0
BRDA:53,0,1,0
BRDA:57,1,0,0
BRDA:57,1,1,0
BRDA:65,2,0,0
BRDA:65,2,1,0
BRDA:65,3,0,0
BRDA:65,3,1,0
BRDA:72,4,0,0
BRDA:75,5,0,0
BRDA:75,5,1,0
BRDA:85,6,0,0
BRDA:85,6,1,0
BRDA:85,7,0,0
BRDA:85,7,1,0
BRDA:89,8,0,0
BRDA:89,8,1,0
BRDA:90,9,0,0
BRDA:90,9,1,0
BRDA:91,10,0,0
BRDA:91,10,1,0
BRDA:92,11,0,0
BRDA:92,11,1,0
BRF:23
BRH:0
end_of_record
TN:
SF:models/ComplianceAudit.js
FNF:0
FNH:0
DA:1,0
DA:3,0
DA:20,0
DA:21,0
DA:23,0
LF:5
LH:0
BRF:0
BRH:0
end_of_record
TN:
SF:models/ComplianceDocument.js
FN:88,(anonymous_0)
FNF:1
FNH:0
FNDA:0,(anonymous_0)
DA:7,0
DA:9,0
DA:83,0
DA:84,0
DA:85,0
DA:88,0
DA:89,0
DA:90,0
DA:91,0
DA:92,0
DA:96,0
DA:97,0
DA:99,0
LF:13
LH:0
BRDA:90,0,0,0
BRDA:90,0,1,0
BRDA:91,1,0,0
BRDA:91,1,1,0
BRF:4
BRH:0
end_of_record
TN:
SF:models/Incident.js
FNF:0
FNH:0
DA:1,0
DA:3,0
DA:38,0
LF:3
LH:0
BRF:0
BRH:0
end_of_record
TN:
SF:models/Shift.js
FN:67,(anonymous_0)
FN:77,(anonymous_1)
FN:87,(anonymous_2)
FN:132,(anonymous_3)
FN:138,(anonymous_4)
FN:139,(anonymous_5)
FN:142,(anonymous_6)
FNF:7
FNH:0
FNDA:0,(anonymous_0)
FNDA:0,(anonymous_1)
FNDA:0,(anonymous_2)
FNDA:0,(anonymous_3)
FNDA:0,(anonymous_4)
FNDA:0,(anonymous_5)
FNDA:0,(anonymous_6)
DA:8,0
DA:13,0
DA:51,0
DA:68,0
DA:78,0
DA:88,0
DA:123,0
DA:124,0
DA:125,0
DA:126,0
DA:132,0
DA:133,0
DA:134,0
DA:135,0
DA:138,0
DA:139,0
DA:142,0
DA:143,0
DA:147,0
DA:148,0
DA:150,0
LF:21
LH:0
BRDA:135,0,0,0
BRDA:135,0,1,0
BRF:2
BRH:0
end_of_record
TN:
SF:models/Site.js
FN:175,(anonymous_0)
FN:192,(anonymous_1)
FN:219,(anonymous_2)
FN:226,(anonymous_3)
FNF:4
FNH:0
FNDA:0,(anonymous_0)
FNDA:0,(anonymous_1)
FNDA:0,(anonymous_2)
FNDA:0,(anonymous_3)
DA:8,4
DA:14,4
DA:41,4
DA:68,4
DA:166,4
DA:167,4
DA:168,4
DA:169,4
DA:175,4
DA:176,0
DA:177,0
DA:181,4
DA:182,4
DA:192,4
DA:193,0
DA:194,0
DA:197,0
DA:198,0
DA:199,0
DA:200,0
DA:201,0
DA:204,0
DA:206,0
DA:207,0
DA:209,0
DA:219,4
DA:220,0
DA:226,4
DA:227,0
DA:229,0
DA:230,0
DA:237,0
DA:238,0
DA:241,0
DA:242,0
DA:245,0
DA:246,0
DA:249,0
DA:250,0
DA:251,0
DA:253,0
DA:263,0
DA:274,4
LF:43
LH:15
BRDA:193,0,0,0
BRDA:193,0,1,0
BRDA:193,1,0,0
BRDA:193,1,1,0
BRDA:226,2,0,0
BRDA:229,3,0,0
BRDA:229,3,1,0
BRDA:237,4,0,0
BRDA:237,4,1,0
BRDA:237,5,0,0
BRDA:237,5,1,0
BRDA:241,6,0,0
BRDA:241,6,1,0
BRDA:245,7,0,0
BRDA:245,7,1,0
BRDA:249,8,0,0
BRDA:249,8,1,0
BRDA:250,9,0,0
BRDA:250,9,1,0
BRF:19
BRH:0
end_of_record
TN:
SF:models/TimeEntry.js
FN:61,(anonymous_0)
FN:95,(anonymous_1)
FN:279,(anonymous_2)
FN:283,(anonymous_3)
FN:298,(anonymous_4)
FN:316,(anonymous_5)
FNF:6
FNH:0
FNDA:0,(anonymous_0)
FNDA:0,(anonymous_1)
FNDA:0,(anonymous_2)
FNDA:0,(anonymous_3)
FNDA:0,(anonymous_4)
FNDA:0,(anonymous_5)
DA:8,0
DA:14,0
DA:41,0
DA:61,0
DA:62,0
DA:63,0
DA:65,0
DA:72,0
DA:96,0
DA:147,0
DA:212,0
DA:213,0
DA:219,0
DA:270,0
DA:271,0
DA:272,0
DA:273,0
DA:279,0
DA:280,0
DA:283,0
DA:284,0
DA:288,0
DA:289,0
DA:298,0
DA:299,0
DA:301,0
DA:302,0
DA:310,0
DA:316,0
DA:317,0
DA:318,0
DA:320,0
DA:321,0
DA:322,0
DA:324,0
DA:325,0
DA:328,0
DA:335,0
DA:336,0
DA:337,0
DA:339,0
LF:41
LH:0
BRDA:62,0,0,0
BRDA:62,0,1,0
BRDA:62,1,0,0
BRDA:62,1,1,0
BRDA:301,2,0,0
BRDA:301,2,1,0
BRDA:320,3,0,0
BRDA:320,3,1,0
BRF:8
BRH:0
end_of_record
TN:
SF:models/User.js
FNF:0
FNH:0
DA:1,5
DA:3,5
DA:18,5
LF:3
LH:3
BRF:0
BRH:0
end_of_record
TN:
SF:services/exportService.js
FN:4,(anonymous_0)
FN:8,(anonymous_1)
FN:9,(anonymous_2)
FN:13,(anonymous_3)
FN:14,(anonymous_4)
FNF:5
FNH:0
FNDA:0,(anonymous_0)
FNDA:0,(anonymous_1)
FNDA:0,(anonymous_2)
FNDA:0,(anonymous_3)
FNDA:0,(anonymous_4)
DA:1,0
DA:2,0
DA:4,0
DA:5,0
DA:8,0
DA:9,0
DA:10,0
DA:11,0
DA:13,0
DA:14,0
DA:15,0
DA:18,0
DA:19,0
DA:20,0
DA:21,0
DA:24,0
DA:25,0
DA:26,0
DA:32,0
DA:36,0
LF:20
LH:0
BRDA:24,0,0,0
BRDA:24,0,1,0
BRF:2
BRH:0
end_of_record
TN:
SF:services/geocodingService.js
FN:35,(anonymous_0)
FN:40,(anonymous_1)
FN:51,(anonymous_2)
FN:52,(anonymous_3)
FN:63,(anonymous_4)
FN:66,(anonymous_5)
FN:70,(anonymous_6)
FN:80,(anonymous_7)
FN:84,(anonymous_8)
FN:96,(anonymous_9)
FN:106,(anonymous_10)
FN:113,(anonymous_11)
FN:124,(anonymous_12)
FN:151,(anonymous_13)
FN:234,(anonymous_14)
FN:292,(anonymous_15)
FN:315,(anonymous_16)
FN:340,(anonymous_17)
FN:370,(anonymous_18)
FN:377,(anonymous_19)
FNF:20
FNH:0
FNDA:0,(anonymous_0)
FNDA:0,(anonymous_1)
FNDA:0,(anonymous_2)
FNDA:0,(anonymous_3)
FNDA:0,(anonymous_4)
FNDA:0,(anonymous_5)
FNDA:0,(anonymous_6)
FNDA:0,(anonymous_7)
FNDA:0,(anonymous_8)
FNDA:0,(anonymous_9)
FNDA:0,(anonymous_10)
FNDA:0,(anonymous_11)
FNDA:0,(anonymous_12)
FNDA:0,(anonymous_13)
FNDA:0,(anonymous_14)
FNDA:0,(anonymous_15)
FNDA:0,(anonymous_16)
FNDA:0,(anonymous_17)
FNDA:0,(anonymous_18)
FNDA:0,(anonymous_19)
DA:11,0
DA:17,0
DA:18,0
DA:21,0
DA:22,0
DA:25,0
DA:26,0
DA:35,0
DA:36,0
DA:37,0
DA:39,0
DA:40,0
DA:41,0
DA:45,0
DA:51,0
DA:52,0
DA:53,0
DA:63,0
DA:64,0
DA:66,0
DA:67,0
DA:70,0
DA:71,0
DA:72,0
DA:73,0
DA:75,0
DA:80,0
DA:81,0
DA:84,0
DA:85,0
DA:86,0
DA:89,0
DA:96,0
DA:98,0
DA:99,0
DA:100,0
DA:106,0
DA:107,0
DA:113,0
DA:114,0
DA:115,0
DA:116,0
DA:118,0
DA:124,0
DA:125,0
DA:131,0
DA:132,0
DA:133,0
DA:134,0
DA:135,0
DA:151,0
DA:152,0
DA:153,0
DA:157,0
DA:158,0
DA:160,0
DA:161,0
DA:165,0
DA:166,0
DA:167,0
DA:168,0
DA:172,0
DA:175,0
DA:177,0
DA:178,0
DA:180,0
DA:181,0
DA:184,0
DA:211,0
DA:213,0
DA:215,0
DA:218,0
DA:234,0
DA:235,0
DA:236,0
DA:240,0
DA:241,0
DA:242,0
DA:243,0
DA:247,0
DA:250,0
DA:251,0
DA:253,0
DA:254,0
DA:256,0
DA:257,0
DA:260,0
DA:262,0
DA:280,0
DA:282,0
DA:284,0
DA:285,0
DA:292,0
DA:293,0
DA:295,0
DA:297,0
DA:298,0
DA:299,0
DA:300,0
DA:303,0
DA:304,0
DA:305,0
DA:307,0
DA:309,0
DA:315,0
DA:316,0
DA:318,0
DA:320,0
DA:321,0
DA:322,0
DA:324,0
DA:328,0
DA:329,0
DA:332,0
DA:340,0
DA:341,0
DA:342,0
DA:345,0
DA:347,0
DA:348,0
DA:349,0
DA:350,0
DA:356,0
DA:364,0
DA:370,0
DA:371,0
DA:377,0
DA:378,0
DA:388,0
LF:129
LH:0
BRDA:39,0,0,0
BRDA:39,0,1,0
BRDA:115,1,0,0
BRDA:115,1,1,0
BRDA:115,2,0,0
BRDA:115,2,1,0
BRDA:131,3,0,0
BRDA:131,3,1,0
BRDA:134,4,0,0
BRDA:134,4,1,0
BRDA:152,5,0,0
BRDA:152,5,1,0
BRDA:152,6,0,0
BRDA:152,6,1,0
BRDA:157,7,0,0
BRDA:157,7,1,0
BRDA:157,8,0,0
BRDA:157,8,1,0
BRDA:160,9,0,0
BRDA:160,9,1,0
BRDA:160,10,0,0
BRDA:160,10,1,0
BRDA:167,11,0,0
BRDA:167,11,1,0
BRDA:180,12,0,0
BRDA:180,12,1,0
BRDA:185,13,0,0
BRDA:185,13,1,0
BRDA:187,14,0,0
BRDA:187,14,1,0
BRDA:188,15,0,0
BRDA:188,15,1,0
BRDA:189,16,0,0
BRDA:189,16,1,0
BRDA:190,17,0,0
BRDA:190,17,1,0
BRDA:191,18,0,0
BRDA:191,18,1,0
BRDA:191,18,2,0
BRDA:191,18,3,0
BRDA:192,19,0,0
BRDA:192,19,1,0
BRDA:193,20,0,0
BRDA:193,20,1,0
BRDA:194,21,0,0
BRDA:194,21,1,0
BRDA:195,22,0,0
BRDA:195,22,1,0
BRDA:196,23,0,0
BRDA:196,23,1,0
BRDA:201,24,0,0
BRDA:201,24,1,0
BRDA:202,25,0,0
BRDA:202,25,1,0
BRDA:204,26,0,0
BRDA:204,26,1,0
BRDA:205,27,0,0
BRDA:205,27,1,0
BRDA:206,28,0,0
BRDA:206,28,1,0
BRDA:207,29,0,0
BRDA:207,29,1,0
BRDA:235,30,0,0
BRDA:235,30,1,0
BRDA:235,31,0,0
BRDA:235,31,1,0
BRDA:242,32,0,0
BRDA:242,32,1,0
BRDA:256,33,0,0
BRDA:256,33,1,0
BRDA:256,34,0,0
BRDA:256,34,1,0
BRDA:263,35,0,0
BRDA:263,35,1,0
BRDA:269,36,0,0
BRDA:269,36,1,0
BRDA:270,37,0,0
BRDA:270,37,1,0
BRDA:270,37,2,0
BRDA:271,38,0,0
BRDA:271,38,1,0
BRDA:272,39,0,0
BRDA:272,39,1,0
BRDA:274,40,0,0
BRDA:274,40,1,0
BRDA:275,41,0,0
BRDA:275,41,1,0
BRDA:276,42,0,0
BRDA:276,42,1,0
BRDA:293,43,0,0
BRDA:293,43,1,0
BRDA:297,44,0,0
BRDA:297,44,1,0
BRDA:297,45,0,0
BRDA:297,45,1,0
BRDA:299,46,0,0
BRDA:299,46,1,0
BRDA:303,47,0,0
BRDA:303,47,1,0
BRDA:304,48,0,0
BRDA:304,48,1,0
BRDA:304,49,0,0
BRDA:304,49,1,0
BRDA:304,49,2,0
BRDA:305,50,0,0
BRDA:305,50,1,0
BRDA:305,50,2,0
BRDA:307,51,0,0
BRDA:307,51,1,0
BRDA:309,52,0,0
BRDA:309,52,1,0
BRDA:316,53,0,0
BRDA:316,53,1,0
BRDA:320,54,0,0
BRDA:320,54,1,0
BRDA:321,55,0,0
BRDA:321,55,1,0
BRDA:328,56,0,0
BRDA:328,56,1,0
BRDA:328,57,0,0
BRDA:328,57,1,0
BRDA:328,57,2,0
BRDA:329,58,0,0
BRDA:329,58,1,0
BRDA:329,58,2,0
BRDA:332,59,0,0
BRDA:332,59,1,0
BRDA:341,60,0,0
BRDA:341,60,1,0
BRF:129
BRH:0
end_of_record
TN:
SF:services/guardMatchingService.js
FN:11,(anonymous_0)
FN:18,(anonymous_1)
FN:30,(anonymous_2)
FN:68,(anonymous_3)
FN:74,(anonymous_4)
FNF:5
FNH:0
FNDA:0,(anonymous_0)
FNDA:0,(anonymous_1)
FNDA:0,(anonymous_2)
FNDA:0,(anonymous_3)
FNDA:0,(anonymous_4)
DA:1,0
DA:3,0
DA:11,0
DA:12,0
DA:15,0
DA:18,0
DA:19,0
DA:20,0
DA:21,0
DA:23,0
DA:27,0
DA:30,0
DA:31,0
DA:32,0
DA:35,0
DA:36,0
DA:37,0
DA:44,0
DA:46,0
DA:53,0
DA:58,0
DA:59,0
DA:62,0
DA:66,0
DA:67,0
DA:68,0
DA:69,0
DA:73,0
DA:74,0
DA:77,0
DA:80,0
LF:31
LH:0
BRDA:54,0,0,0
BRDA:54,0,1,0
BRDA:55,1,0,0
BRDA:55,1,1,0
BRDA:59,2,0,0
BRDA:59,2,1,0
BRDA:62,3,0,0
BRDA:62,3,1,0
BRDA:66,4,0,0
BRDA:66,4,1,0
BRDA:67,5,0,0
BRDA:67,5,1,0
BRDA:69,6,0,0
BRDA:69,6,1,0
BRF:14
BRH:0
end_of_record
TN:
SF:utils/asyncHandler.js
FN:2,(anonymous_0)
FN:2,(anonymous_1)
FNF:2
FNH:2
FNDA:88,(anonymous_0)
FNDA:57,(anonymous_1)
DA:2,88
DA:3,57
DA:6,4
LF:3
LH:3
BRF:0
BRH:0
end_of_record
